0 info it worked if it ends with ok
1 verbose cli [ '/home/jinu/.nvm/versions/node/v6.17.1/bin/node',
1 verbose cli   '/home/jinu/.nvm/versions/node/v6.17.1/bin/npm',
1 verbose cli   'run',
1 verbose cli   'dev' ]
2 info using npm@3.10.10
3 info using node@v6.17.1
4 verbose run-script [ 'predev', 'dev', 'postdev' ]
5 info lifecycle clone-twitter@1.0.0~predev: clone-twitter@1.0.0
6 silly lifecycle clone-twitter@1.0.0~predev: no script for predev, continuing
7 info lifecycle clone-twitter@1.0.0~dev: clone-twitter@1.0.0
8 verbose lifecycle clone-twitter@1.0.0~dev: unsafe-perm in lifecycle true
9 verbose lifecycle clone-twitter@1.0.0~dev: PATH: /home/jinu/.nvm/versions/node/v6.17.1/lib/node_modules/npm/bin/node-gyp-bin:/home/jinu/workspace/clone-twitter/node_modules/.bin:/home/jinu/.nvm/versions/node/v6.17.1/bin:/home/linuxbrew/.linuxbrew/bin:/home/linuxbrew/.linuxbrew/sbin:/home/linuxbrew/.linuxbrew/bin:/home/linuxbrew/.linuxbrew/sbin:/usr/local/sbin:/usr/local/bin:/usr/sbin:/usr/bin:/sbin:/bin:/usr/games:/usr/local/games:/snap/bin:/snap/bin
10 verbose lifecycle clone-twitter@1.0.0~dev: CWD: /home/jinu/workspace/clone-twitter
11 silly lifecycle clone-twitter@1.0.0~dev: Args: [ '-c', 'next' ]
12 silly lifecycle clone-twitter@1.0.0~dev: Returned: code: 1  signal: null
13 info lifecycle clone-twitter@1.0.0~dev: Failed to exec dev script
14 verbose stack Error: clone-twitter@1.0.0 dev: `next`
14 verbose stack Exit status 1
14 verbose stack     at EventEmitter.<anonymous> (/home/jinu/.nvm/versions/node/v6.17.1/lib/node_modules/npm/lib/utils/lifecycle.js:255:16)
14 verbose stack     at emitTwo (events.js:106:13)
14 verbose stack     at EventEmitter.emit (events.js:191:7)
14 verbose stack     at ChildProcess.<anonymous> (/home/jinu/.nvm/versions/node/v6.17.1/lib/node_modules/npm/lib/utils/spawn.js:40:14)
14 verbose stack     at emitTwo (events.js:106:13)
14 verbose stack     at ChildProcess.emit (events.js:191:7)
14 verbose stack     at maybeClose (internal/child_process.js:920:16)
14 verbose stack     at Process.ChildProcess._handle.onexit (internal/child_process.js:230:5)
15 verbose pkgid clone-twitter@1.0.0
16 verbose cwd /home/jinu/workspace/clone-twitter
17 error Linux 5.11.0-22-generic
18 error argv "/home/jinu/.nvm/versions/node/v6.17.1/bin/node" "/home/jinu/.nvm/versions/node/v6.17.1/bin/npm" "run" "dev"
19 error node v6.17.1
20 error npm  v3.10.10
21 error code ELIFECYCLE
22 error clone-twitter@1.0.0 dev: `next`
22 error Exit status 1
23 error Failed at the clone-twitter@1.0.0 dev script 'next'.
23 error Make sure you have the latest version of node.js and npm installed.
23 error If you do, this is most likely a problem with the clone-twitter package,
23 error not with npm itself.
23 error Tell the author that this fails on your system:
23 error     next
23 error You can get information on how to open an issue for this project with:
23 error     npm bugs clone-twitter
23 error Or if that isn't available, you can get their info via:
23 error     npm owner ls clone-twitter
23 error There is likely additional logging output above.
24 verbose exit [ 1, true ]
